[xal] initializing XAL
[xal] initializing DirectSound
[xal] audio system created: DirectSound
[xal] starting audio update thread
[xal]     - DISK OPEN
[xal] loading file C:\Users\Ben\Desktop\arc_0.9.7.644\Audio\BGM\darkness.ogg
[xal]     - DISK CLOSE
[xal]     - DISK OPEN
[xal] loading file C:\Users\Ben\Desktop\arc_0.9.7.644\Audio\BGM\darkness.ogg
[xal]     - DISK CLOSE
[xal]     - DISK OPEN
[xal] loading file C:\Users\Ben\Desktop\arc_0.9.7.644\Audio\BGM\darkness.ogg
[xal]     - DISK CLOSE
[xal] destroying sound C:\Users\Ben\Desktop\arc_0.9.7.644\Audio\BGMdarkness
[xal]     - DISK OPEN
[xal] loading file C:\Users\Ben\Desktop\arc_0.9.7.644\Audio\BGM\E Nomine - Die Schwarzen Reiter (Blizzard Edit for Blizz-ABS Demo).ogg
[xal]     - DISK CLOSE
[xal]     - DISK OPEN
[xal] loading file C:\Users\Ben\Desktop\arc_0.9.7.644\Audio\BGM\E Nomine - Die Schwarzen Reiter (Blizzard Edit for Blizz-ABS Demo).ogg
[xal]     - DISK CLOSE
[xal]     - DISK OPEN
[xal] loading file C:\Users\Ben\Desktop\arc_0.9.7.644\Audio\BGM\E Nomine - Die Schwarzen Reiter (Blizzard Edit for Blizz-ABS Demo).ogg
[xal]     - DISK CLOSE
[xal] destroying sound C:\Users\Ben\Desktop\arc_0.9.7.644\Audio\BGME Nomine - Die Schwarzen Reiter (Blizzard Edit for Blizz-ABS Demo)
[xal]     - DISK OPEN
[xal] loading file C:\Users\Ben\Desktop\arc_0.9.7.644\Audio\BGM\The final encounter.ogg
[xal]     - DISK CLOSE
[xal]     - DISK OPEN
[xal] loading file C:\Users\Ben\Desktop\arc_0.9.7.644\Audio\BGM\The final encounter.ogg
[xal]     - DISK CLOSE
[xal]     - DISK OPEN
[xal] loading file C:\Users\Ben\Desktop\arc_0.9.7.644\Audio\BGM\The final encounter.ogg
[xal]     - DISK CLOSE
[xal] destroying sound C:\Users\Ben\Desktop\arc_0.9.7.644\Audio\BGMThe final encounter
[xal] destroying XAL
[xal] stopping audio update thread
[xal] destroying DirectSound
[xal] initializing XAL
[xal] initializing DirectSound
[xal] audio system created: DirectSound
[xal] starting audio update thread
[xal] initializing XAL
[xal] initializing DirectSound
[xal] audio system created: DirectSound
[xal] starting audio update thread
[xal] loading file C:\Users\Ben\Desktop\ARC\editor\ARCed\src\RTP\Templates\Chonicles of Sir Lag-A-Lot\Audio\BGM\E Nomine - Die Schwarzen Reiter (Blizzard Edit for Blizz-ABS Demo).ogg
[xal] loading file C:\Users\Ben\Desktop\ARC\editor\ARCed\src\RTP\Templates\Chonicles of Sir Lag-A-Lot\Audio\BGM\E Nomine - Die Schwarzen Reiter (Blizzard Edit for Blizz-ABS Demo).ogg
[xal] loading file C:\Users\Ben\Desktop\ARC\editor\ARCed\src\RTP\Templates\Chonicles of Sir Lag-A-Lot\Audio\BGM\E Nomine - Die Schwarzen Reiter (Blizzard Edit for Blizz-ABS Demo).ogg
[xal] destroying XAL
[xal] stopping audio update thread
[xal] destroying DirectSound
[xal] initializing XAL
[xal] initializing DirectSound
[xal] audio system created: DirectSound
[xal] starting audio update thread
[xal] loading file E:\Dropbox\RTP\Standard\Audio\Ambient\Void01.ogg
[xal] loading file E:\Dropbox\RTP\Standard\Audio\Ambient\Void01.ogg
[xal] loading file E:\Dropbox\RTP\Standard\Audio\Ambient\Void01.ogg
[xal] destroying XAL
[xal] stopping audio update thread
[xal] destroying DirectSound
